<?xml version="1.0" encoding="UTF-8"?>
<coverage generated="1724994008302" clover="3.2.0">
  <project timestamp="1724994008302" name="All files">
    <metrics statements="36" coveredstatements="36" conditionals="10" coveredconditionals="10" methods="12" coveredmethods="12" elements="58" coveredelements="58" complexity="0" loc="36" ncloc="36" packages="1" files="2" classes="2"/>
    <file name="FigureCalculator.js" path="C:\Users\L21\Documents\MT21\Aplikasi\Applications\Dicoding\Menjadi Back-End Developer Expert\MATH-API\src\FigureCalculator.js">
      <metrics statements="19" coveredstatements="19" conditionals="4" coveredconditionals="4" methods="7" coveredmethods="7"/>
      <line num="3" count="13" type="stmt"/>
      <line num="7" count="30" type="cond" truecount="2" falsecount="0"/>
      <line num="8" count="14" type="stmt"/>
      <line num="10" count="16" type="stmt"/>
      <line num="11" count="21" type="cond" truecount="2" falsecount="0"/>
      <line num="12" count="12" type="stmt"/>
      <line num="18" count="7" type="stmt"/>
      <line num="20" count="1" type="stmt"/>
      <line num="23" count="1" type="stmt"/>
      <line num="27" count="7" type="stmt"/>
      <line num="29" count="1" type="stmt"/>
      <line num="32" count="1" type="stmt"/>
      <line num="36" count="8" type="stmt"/>
      <line num="38" count="1" type="stmt"/>
      <line num="41" count="1" type="stmt"/>
      <line num="45" count="8" type="stmt"/>
      <line num="47" count="1" type="stmt"/>
      <line num="50" count="1" type="stmt"/>
      <line num="54" count="1" type="stmt"/>
    </file>
    <file name="MathBasic.js" path="C:\Users\L21\Documents\MT21\Aplikasi\Applications\Dicoding\Menjadi Back-End Developer Expert\MATH-API\src\MathBasic.js">
      <metrics statements="17" coveredstatements="17" conditionals="6" coveredconditionals="6" methods="5" coveredmethods="5"/>
      <line num="1" count="2" type="stmt"/>
      <line num="2" count="47" type="cond" truecount="2" falsecount="0"/>
      <line num="3" count="16" type="stmt"/>
      <line num="6" count="31" type="stmt"/>
      <line num="8" count="31" type="cond" truecount="4" falsecount="0"/>
      <line num="9" count="12" type="stmt"/>
      <line num="12" count="19" type="stmt"/>
      <line num="15" count="2" type="stmt"/>
      <line num="17" count="13" type="stmt"/>
      <line num="18" count="6" type="stmt"/>
      <line num="22" count="10" type="stmt"/>
      <line num="23" count="3" type="stmt"/>
      <line num="27" count="14" type="stmt"/>
      <line num="28" count="7" type="stmt"/>
      <line num="32" count="10" type="stmt"/>
      <line num="33" count="3" type="stmt"/>
      <line num="37" count="2" type="stmt"/>
    </file>
  </project>
</coverage>
