TN:
SF:src\FigureCalculator.js
FN:2,(anonymous_0)
FN:6,(anonymous_1)
FN:10,(anonymous_2)
FN:17,(anonymous_3)
FN:26,(anonymous_4)
FN:35,(anonymous_5)
FN:44,(anonymous_6)
FNF:7
FNH:7
FNDA:13,(anonymous_0)
FNDA:30,(anonymous_1)
FNDA:21,(anonymous_2)
FNDA:7,(anonymous_3)
FNDA:7,(anonymous_4)
FNDA:8,(anonymous_5)
FNDA:8,(anonymous_6)
DA:3,13
DA:7,30
DA:8,14
DA:10,16
DA:11,21
DA:12,12
DA:18,7
DA:20,1
DA:23,1
DA:27,7
DA:29,1
DA:32,1
DA:36,8
DA:38,1
DA:41,1
DA:45,8
DA:47,1
DA:50,1
DA:54,1
LF:19
LH:19
BRDA:7,0,0,14
BRDA:7,0,1,16
BRDA:11,1,0,12
BRDA:11,1,1,9
BRF:4
BRH:4
end_of_record
TN:
SF:src\MathBasic.js
FN:1,(anonymous_0)
FN:16,(anonymous_1)
FN:21,(anonymous_2)
FN:26,(anonymous_3)
FN:31,(anonymous_4)
FNF:5
FNH:5
FNDA:47,(anonymous_0)
FNDA:13,(anonymous_1)
FNDA:10,(anonymous_2)
FNDA:14,(anonymous_3)
FNDA:10,(anonymous_4)
DA:1,2
DA:2,47
DA:3,16
DA:6,31
DA:8,31
DA:9,12
DA:12,19
DA:15,2
DA:17,13
DA:18,6
DA:22,10
DA:23,3
DA:27,14
DA:28,7
DA:32,10
DA:33,3
DA:37,2
LF:17
LH:17
BRDA:2,0,0,16
BRDA:2,0,1,31
BRDA:8,1,0,12
BRDA:8,1,1,19
BRDA:8,2,0,31
BRDA:8,2,1,19
BRF:6
BRH:6
end_of_record
